2013-05-06 11:29:18.128 [info] <0.6.0> Application lager started on node 'report@NDC-DEV-01'
2013-05-06 11:29:18.147 [info] <0.66.0> Starting Boss in development mode....

2013-05-06 11:29:18.190 [info] <0.66.0> Starting master services on 'report@NDC-DEV-01'

2013-05-06 11:29:18.201 [info] <0.6.0> Application tinymq started on node 'report@NDC-DEV-01'
2013-05-06 11:29:18.226 [info] <0.66.0> SSL:[]

2013-05-06 11:29:18.244 [info] <0.6.0> Application boss started on node 'report@NDC-DEV-01'
2013-05-06 11:29:18.261 [info] <0.150.0> Loading routes from "/home/jackie/my/report/priv/report.routes" ....
2013-05-06 11:39:52.425 [info] <0.150.0> Loading routes from "/home/jackie/my/report/priv/report.routes" ....
2013-05-06 11:39:52.426 [error] <0.133.0> GET / [report] 404 1ms
2013-05-06 11:39:52.842 [info] <0.150.0> Loading routes from "/home/jackie/my/report/priv/report.routes" ....
2013-05-06 11:39:52.843 [error] <0.133.0> GET / [report] 404 0ms
2013-05-06 11:40:07.426 [info] <0.150.0> Loading routes from "/home/jackie/my/report/priv/report.routes" ....
2013-05-06 11:40:07.431 [error] <0.133.0> GET /index.html [report] 404 3ms
2013-05-06 11:40:07.749 [info] <0.150.0> Loading routes from "/home/jackie/my/report/priv/report.routes" ....
2013-05-06 11:40:07.750 [error] <0.133.0> GET /index.html [report] 404 0ms
2013-05-06 15:31:59.646 [info] <0.6.0> Application lager started on node 'report@NDC-DEV-01'
2013-05-06 15:31:59.663 [info] <0.66.0> Starting Boss in development mode....

2013-05-06 15:31:59.705 [info] <0.66.0> Starting master services on 'report@NDC-DEV-01'

2013-05-06 15:31:59.716 [info] <0.6.0> Application tinymq started on node 'report@NDC-DEV-01'
2013-05-06 15:31:59.738 [info] <0.66.0> SSL:[]

2013-05-06 15:31:59.748 [info] <0.6.0> Application boss started on node 'report@NDC-DEV-01'
2013-05-06 15:31:59.748 [info] <0.6.0> Application report started on node 'report@NDC-DEV-01'
2013-05-06 15:31:59.761 [info] <0.151.0> Loading routes from "/home/jackie/my/report/priv/report.routes" ....
2013-05-06 15:33:10.832 [info] <0.151.0> Loading routes from "/home/jackie/my/report/priv/report.routes" ....
2013-05-06 15:33:10.859 [info] <0.139.0> GET / [report] 200 26ms
2013-05-06 15:33:17.750 [info] <0.151.0> Loading routes from "/home/jackie/my/report/priv/report.routes" ....
2013-05-06 15:33:17.754 [info] <0.151.0> Loading routes from "/home/jackie/my/report/priv/report.routes" ....
2013-05-06 15:33:17.759 [info] <0.140.0> GET /todos/index [report] 200 8ms
2013-05-06 15:33:17.814 [info] <0.151.0> Loading routes from "/home/jackie/my/report/priv/report.routes" ....
2013-05-06 15:33:17.827 [info] <0.140.0> GET / [report] 200 12ms
2013-05-06 15:33:35.377 [info] <0.151.0> Loading routes from "/home/jackie/my/report/priv/report.routes" ....
2013-05-06 15:33:35.402 [info] <0.140.0> POST /todos [report] 200 23ms
2013-05-06 15:33:35.403 [info] <0.141.0> GET /poll/getUpdate/1367825590842302 [report] 200 17646ms
2013-05-06 15:33:35.617 [info] <0.151.0> Loading routes from "/home/jackie/my/report/priv/report.routes" ....
2013-05-06 15:33:41.574 [info] <0.151.0> Loading routes from "/home/jackie/my/report/priv/report.routes" ....
2013-05-06 15:33:41.577 [info] <0.140.0> PUT /todos/index/todo-1 [report] 200 4ms
2013-05-06 15:33:41.578 [info] <0.141.0> GET /poll/getUpdate/1367825615395544 [report] 200 5959ms
2013-05-06 15:33:41.792 [info] <0.151.0> Loading routes from "/home/jackie/my/report/priv/report.routes" ....
2013-05-06 15:35:06.347 [info] <0.151.0> Loading routes from "/home/jackie/my/report/priv/report.routes" ....
2013-05-06 15:35:06.348 [error] <0.140.0> GET /docs/todos.html [report] 404 1ms
2013-05-06 15:35:06.691 [info] <0.151.0> Loading routes from "/home/jackie/my/report/priv/report.routes" ....
2013-05-06 15:35:06.692 [error] <0.140.0> GET /docs/todos.html [report] 404 1ms
2013-05-06 15:35:08.468 [info] <0.151.0> Loading routes from "/home/jackie/my/report/priv/report.routes" ....
2013-05-06 15:35:08.551 [info] <0.151.0> Loading routes from "/home/jackie/my/report/priv/report.routes" ....
2013-05-06 15:35:08.565 [info] <0.139.0> GET / [report] 200 13ms
2013-05-06 15:36:30.767 [info] <0.151.0> Loading routes from "/home/jackie/my/report/priv/report.routes" ....
2013-05-06 15:36:30.834 [info] <0.139.0> GET / [report] 200 65ms
2013-05-06 15:36:31.322 [info] <0.151.0> Loading routes from "/home/jackie/my/report/priv/report.routes" ....
2013-05-06 15:36:31.413 [info] <0.151.0> Loading routes from "/home/jackie/my/report/priv/report.routes" ....
2013-05-06 15:36:31.426 [info] <0.139.0> GET / [report] 200 12ms
2013-05-06 15:37:13.693 [info] <0.151.0> Loading routes from "/home/jackie/my/report/priv/report.routes" ....
2013-05-06 15:37:13.747 [info] <0.139.0> GET / [report] 200 54ms
2013-05-06 15:37:14.339 [info] <0.151.0> Loading routes from "/home/jackie/my/report/priv/report.routes" ....
2013-05-06 15:37:14.341 [info] <0.151.0> Loading routes from "/home/jackie/my/report/priv/report.routes" ....
2013-05-06 15:37:14.345 [info] <0.143.0> GET /todos/index [report] 200 5ms
2013-05-06 15:37:14.393 [info] <0.151.0> Loading routes from "/home/jackie/my/report/priv/report.routes" ....
2013-05-06 15:37:14.406 [info] <0.144.0> GET / [report] 200 12ms
2013-05-06 15:37:39.151 [info] <0.151.0> Loading routes from "/home/jackie/my/report/priv/report.routes" ....
2013-05-06 15:37:39.158 [info] <0.139.0> GET /poll/getUpdate/1367825833696918 [report] 200 24814ms
2013-05-06 15:37:39.158 [info] <0.158.0> GET /poll/getUpdate/1367825790771951 [report] 200 67833ms
2013-05-06 15:37:39.158 [info] <0.143.0> POST /todos [report] 200 7ms
2013-05-06 15:37:39.458 [info] <0.151.0> Loading routes from "/home/jackie/my/report/priv/report.routes" ....
2013-05-06 15:37:41.000 [info] <0.151.0> Loading routes from "/home/jackie/my/report/priv/report.routes" ....
2013-05-06 15:37:41.006 [info] <0.143.0> POST /todos [report] 200 4ms
2013-05-06 15:37:41.006 [info] <0.139.0> GET /poll/getUpdate/1367825859156346 [report] 200 1547ms
2013-05-06 15:37:41.214 [info] <0.151.0> Loading routes from "/home/jackie/my/report/priv/report.routes" ....
2013-05-06 15:37:42.523 [info] <0.151.0> Loading routes from "/home/jackie/my/report/priv/report.routes" ....
2013-05-06 15:37:42.529 [info] <0.143.0> POST /todos [report] 200 4ms
2013-05-06 15:37:42.529 [info] <0.139.0> GET /poll/getUpdate/1367825861004839 [report] 200 1313ms
2013-05-06 15:37:42.733 [info] <0.151.0> Loading routes from "/home/jackie/my/report/priv/report.routes" ....
2013-05-06 15:37:44.605 [info] <0.151.0> Loading routes from "/home/jackie/my/report/priv/report.routes" ....
2013-05-06 15:37:44.609 [info] <0.139.0> GET /poll/getUpdate/1367825862527707 [report] 200 1875ms
2013-05-06 15:37:44.610 [info] <0.143.0> POST /todos [report] 200 5ms
2013-05-06 15:37:44.821 [info] <0.151.0> Loading routes from "/home/jackie/my/report/priv/report.routes" ....
2013-05-06 15:37:47.943 [info] <0.151.0> Loading routes from "/home/jackie/my/report/priv/report.routes" ....
2013-05-06 15:37:47.947 [info] <0.139.0> GET /poll/getUpdate/1367825864609606 [report] 200 3126ms
2013-05-06 15:37:47.948 [info] <0.143.0> POST /todos [report] 200 5ms
2013-05-06 15:37:48.163 [info] <0.151.0> Loading routes from "/home/jackie/my/report/priv/report.routes" ....
2013-05-06 15:37:49.516 [info] <0.151.0> Loading routes from "/home/jackie/my/report/priv/report.routes" ....
2013-05-06 15:37:49.521 [info] <0.139.0> GET /poll/getUpdate/1367825867947506 [report] 200 1358ms
2013-05-06 15:37:49.522 [info] <0.143.0> POST /todos [report] 200 5ms
2013-05-06 15:37:49.728 [info] <0.151.0> Loading routes from "/home/jackie/my/report/priv/report.routes" ....
2013-05-06 15:37:51.284 [info] <0.151.0> Loading routes from "/home/jackie/my/report/priv/report.routes" ....
2013-05-06 15:37:51.289 [info] <0.143.0> GET /poll/getUpdate/1367825869521088 [report] 200 1560ms
2013-05-06 15:37:51.290 [info] <0.139.0> POST /todos [report] 200 5ms
2013-05-06 15:37:51.494 [info] <0.151.0> Loading routes from "/home/jackie/my/report/priv/report.routes" ....
2013-05-06 15:37:53.000 [info] <0.151.0> Loading routes from "/home/jackie/my/report/priv/report.routes" ....
2013-05-06 15:37:53.005 [info] <0.143.0> GET /poll/getUpdate/1367825871288888 [report] 200 1510ms
2013-05-06 15:37:53.006 [info] <0.139.0> POST /todos [report] 200 5ms
2013-05-06 15:37:53.225 [info] <0.151.0> Loading routes from "/home/jackie/my/report/priv/report.routes" ....
2013-05-06 15:37:54.903 [info] <0.151.0> Loading routes from "/home/jackie/my/report/priv/report.routes" ....
2013-05-06 15:37:54.909 [info] <0.143.0> GET /poll/getUpdate/1367825873005235 [report] 200 1683ms
2013-05-06 15:37:54.910 [info] <0.139.0> POST /todos [report] 200 6ms
2013-05-06 15:37:55.117 [info] <0.151.0> Loading routes from "/home/jackie/my/report/priv/report.routes" ....
2013-05-06 15:37:57.166 [info] <0.151.0> Loading routes from "/home/jackie/my/report/priv/report.routes" ....
2013-05-06 15:37:57.172 [info] <0.143.0> GET /poll/getUpdate/1367825874908634 [report] 200 2054ms
2013-05-06 15:37:57.172 [info] <0.139.0> POST /todos [report] 200 5ms
2013-05-06 15:37:57.377 [info] <0.151.0> Loading routes from "/home/jackie/my/report/priv/report.routes" ....
2013-05-06 15:38:00.674 [info] <0.151.0> Loading routes from "/home/jackie/my/report/priv/report.routes" ....
2013-05-06 15:38:00.679 [info] <0.143.0> GET /poll/getUpdate/1367825877171444 [report] 200 3301ms
2013-05-06 15:38:00.680 [info] <0.139.0> POST /todos [report] 200 5ms
2013-05-06 15:38:00.887 [info] <0.151.0> Loading routes from "/home/jackie/my/report/priv/report.routes" ....
2013-05-06 15:38:01.802 [info] <0.151.0> Loading routes from "/home/jackie/my/report/priv/report.routes" ....
2013-05-06 15:38:01.807 [info] <0.143.0> GET /poll/getUpdate/1367825880678754 [report] 200 919ms
2013-05-06 15:38:01.808 [info] <0.139.0> POST /todos [report] 200 5ms
2013-05-06 15:38:02.030 [info] <0.151.0> Loading routes from "/home/jackie/my/report/priv/report.routes" ....
2013-05-06 15:38:02.962 [info] <0.151.0> Loading routes from "/home/jackie/my/report/priv/report.routes" ....
2013-05-06 15:38:02.967 [info] <0.143.0> GET /poll/getUpdate/1367825881806631 [report] 200 937ms
2013-05-06 15:38:02.968 [info] <0.139.0> POST /todos [report] 200 5ms
2013-05-06 15:38:03.173 [info] <0.151.0> Loading routes from "/home/jackie/my/report/priv/report.routes" ....
2013-05-06 15:38:03.993 [info] <0.151.0> Loading routes from "/home/jackie/my/report/priv/report.routes" ....
2013-05-06 15:38:03.998 [info] <0.139.0> GET /poll/getUpdate/1367825882967020 [report] 200 824ms
2013-05-06 15:38:03.999 [info] <0.143.0> POST /todos [report] 200 5ms
2013-05-06 15:38:04.212 [info] <0.151.0> Loading routes from "/home/jackie/my/report/priv/report.routes" ....
2013-05-06 15:38:05.334 [info] <0.151.0> Loading routes from "/home/jackie/my/report/priv/report.routes" ....
2013-05-06 15:38:05.340 [info] <0.139.0> GET /poll/getUpdate/1367825883998167 [report] 200 1127ms
2013-05-06 15:38:05.340 [info] <0.143.0> POST /todos [report] 200 5ms
2013-05-06 15:38:05.557 [info] <0.151.0> Loading routes from "/home/jackie/my/report/priv/report.routes" ....
2013-05-06 15:38:06.618 [info] <0.151.0> Loading routes from "/home/jackie/my/report/priv/report.routes" ....
2013-05-06 15:38:06.623 [info] <0.139.0> GET /poll/getUpdate/1367825885339334 [report] 200 1065ms
2013-05-06 15:38:06.623 [info] <0.143.0> POST /todos [report] 200 5ms
2013-05-06 15:38:06.826 [info] <0.151.0> Loading routes from "/home/jackie/my/report/priv/report.routes" ....
2013-05-06 15:38:07.830 [info] <0.151.0> Loading routes from "/home/jackie/my/report/priv/report.routes" ....
2013-05-06 15:38:07.836 [info] <0.139.0> GET /poll/getUpdate/1367825886622490 [report] 200 1008ms
2013-05-06 15:38:07.836 [info] <0.143.0> POST /todos [report] 200 5ms
2013-05-06 15:38:08.047 [info] <0.151.0> Loading routes from "/home/jackie/my/report/priv/report.routes" ....
2013-05-06 15:38:09.518 [info] <0.151.0> Loading routes from "/home/jackie/my/report/priv/report.routes" ....
2013-05-06 15:38:09.523 [info] <0.139.0> GET /poll/getUpdate/1367825887835478 [report] 200 1475ms
2013-05-06 15:38:09.524 [info] <0.143.0> POST /todos [report] 200 5ms
2013-05-06 15:38:09.724 [info] <0.151.0> Loading routes from "/home/jackie/my/report/priv/report.routes" ....
2013-05-06 15:38:10.981 [info] <0.151.0> Loading routes from "/home/jackie/my/report/priv/report.routes" ....
2013-05-06 15:38:10.986 [info] <0.139.0> GET /poll/getUpdate/1367825889522700 [report] 200 1261ms
2013-05-06 15:38:10.987 [info] <0.143.0> POST /todos [report] 200 5ms
2013-05-06 15:38:11.189 [info] <0.151.0> Loading routes from "/home/jackie/my/report/priv/report.routes" ....
2013-05-06 15:38:12.608 [info] <0.151.0> Loading routes from "/home/jackie/my/report/priv/report.routes" ....
2013-05-06 15:38:12.613 [info] <0.139.0> GET /poll/getUpdate/1367825890986305 [report] 200 1423ms
2013-05-06 15:38:12.614 [info] <0.143.0> POST /todos [report] 200 5ms
2013-05-06 15:38:12.815 [info] <0.151.0> Loading routes from "/home/jackie/my/report/priv/report.routes" ....
2013-05-06 15:38:14.135 [info] <0.151.0> Loading routes from "/home/jackie/my/report/priv/report.routes" ....
2013-05-06 15:38:14.140 [info] <0.139.0> GET /poll/getUpdate/1367825892613045 [report] 200 1324ms
2013-05-06 15:38:14.141 [info] <0.143.0> POST /todos [report] 200 5ms
2013-05-06 15:38:14.356 [info] <0.151.0> Loading routes from "/home/jackie/my/report/priv/report.routes" ....
2013-05-06 15:38:22.719 [info] <0.151.0> Loading routes from "/home/jackie/my/report/priv/report.routes" ....
2013-05-06 15:38:22.724 [info] <0.143.0> DELETE /todos/index/todo-1 [report] 200 4ms
2013-05-06 15:38:28.833 [info] <0.151.0> Loading routes from "/home/jackie/my/report/priv/report.routes" ....
2013-05-06 15:38:28.838 [info] <0.139.0> GET /poll/getUpdate/1367825894139957 [report] 200 14481ms
2013-05-06 15:38:28.839 [info] <0.143.0> PUT /todos/index/todo-3 [report] 200 5ms
2013-05-06 15:38:29.049 [info] <0.151.0> Loading routes from "/home/jackie/my/report/priv/report.routes" ....
2013-05-06 15:38:29.456 [info] <0.151.0> Loading routes from "/home/jackie/my/report/priv/report.routes" ....
2013-05-06 15:38:29.461 [info] <0.139.0> GET /poll/getUpdate/1367825908837558 [report] 200 411ms
2013-05-06 15:38:29.462 [info] <0.143.0> PUT /todos/index/todo-4 [report] 200 5ms
2013-05-06 15:38:29.673 [info] <0.151.0> Loading routes from "/home/jackie/my/report/priv/report.routes" ....
2013-05-06 15:38:30.013 [info] <0.151.0> Loading routes from "/home/jackie/my/report/priv/report.routes" ....
2013-05-06 15:38:30.019 [info] <0.139.0> GET /poll/getUpdate/1367825909460947 [report] 200 345ms
2013-05-06 15:38:30.019 [info] <0.143.0> PUT /todos/index/todo-5 [report] 200 5ms
2013-05-06 15:38:30.233 [info] <0.151.0> Loading routes from "/home/jackie/my/report/priv/report.routes" ....
2013-05-06 15:38:30.598 [info] <0.151.0> Loading routes from "/home/jackie/my/report/priv/report.routes" ....
2013-05-06 15:38:30.603 [info] <0.139.0> GET /poll/getUpdate/1367825910018365 [report] 200 369ms
2013-05-06 15:38:30.604 [info] <0.143.0> PUT /todos/index/todo-6 [report] 200 5ms
2013-05-06 15:38:30.804 [info] <0.151.0> Loading routes from "/home/jackie/my/report/priv/report.routes" ....
2013-05-06 15:38:31.244 [info] <0.151.0> Loading routes from "/home/jackie/my/report/priv/report.routes" ....
2013-05-06 15:38:31.249 [info] <0.139.0> GET /poll/getUpdate/1367825910602856 [report] 200 445ms
2013-05-06 15:38:31.250 [info] <0.143.0> PUT /todos/index/todo-7 [report] 200 5ms
2013-05-06 15:38:31.520 [info] <0.151.0> Loading routes from "/home/jackie/my/report/priv/report.routes" ....
2013-05-06 15:38:33.277 [info] <0.151.0> Loading routes from "/home/jackie/my/report/priv/report.routes" ....
2013-05-06 15:38:33.282 [info] <0.139.0> GET /poll/getUpdate/1367825911249229 [report] 200 1762ms
2013-05-06 15:38:33.283 [info] <0.143.0> PUT /todos/index/todo-8 [report] 200 5ms
2013-05-06 15:38:33.494 [info] <0.151.0> Loading routes from "/home/jackie/my/report/priv/report.routes" ....
2013-05-06 15:38:35.077 [info] <0.151.0> Loading routes from "/home/jackie/my/report/priv/report.routes" ....
2013-05-06 15:38:35.081 [info] <0.151.0> Loading routes from "/home/jackie/my/report/priv/report.routes" ....
2013-05-06 15:38:35.084 [info] <0.143.0> DELETE /todos/index/todo-3 [report] 200 7ms
2013-05-06 15:38:35.085 [info] <0.151.0> Loading routes from "/home/jackie/my/report/priv/report.routes" ....
2013-05-06 15:38:35.086 [info] <0.151.0> Loading routes from "/home/jackie/my/report/priv/report.routes" ....
2013-05-06 15:38:35.087 [info] <0.151.0> Loading routes from "/home/jackie/my/report/priv/report.routes" ....
2013-05-06 15:38:35.090 [info] <0.144.0> DELETE /todos/index/todo-4 [report] 200 8ms
2013-05-06 15:38:35.093 [info] <0.194.0> DELETE /todos/index/todo-6 [report] 200 9ms
2013-05-06 15:38:35.094 [info] <0.193.0> DELETE /todos/index/todo-5 [report] 200 10ms
2013-05-06 15:38:35.095 [info] <0.136.0> DELETE /todos/index/todo-7 [report] 200 9ms
2013-05-06 15:38:35.287 [info] <0.151.0> Loading routes from "/home/jackie/my/report/priv/report.routes" ....
2013-05-06 15:38:35.292 [info] <0.143.0> DELETE /todos/index/todo-8 [report] 200 4ms
2013-05-06 15:38:37.418 [info] <0.151.0> Loading routes from "/home/jackie/my/report/priv/report.routes" ....
2013-05-06 15:38:37.424 [info] <0.139.0> GET /poll/getUpdate/1367825913282212 [report] 200 3929ms
2013-05-06 15:38:37.425 [info] <0.143.0> PUT /todos/index/todo-9 [report] 200 5ms
2013-05-06 15:38:37.637 [info] <0.151.0> Loading routes from "/home/jackie/my/report/priv/report.routes" ....
2013-05-06 15:38:37.975 [info] <0.151.0> Loading routes from "/home/jackie/my/report/priv/report.routes" ....
2013-05-06 15:38:37.981 [info] <0.143.0> PUT /todos/index/todo-10 [report] 200 4ms
2013-05-06 15:38:37.982 [info] <0.139.0> GET /poll/getUpdate/1367825917423132 [report] 200 345ms
2013-05-06 15:38:38.192 [info] <0.151.0> Loading routes from "/home/jackie/my/report/priv/report.routes" ....
2013-05-06 15:38:38.545 [info] <0.151.0> Loading routes from "/home/jackie/my/report/priv/report.routes" ....
2013-05-06 15:38:38.549 [info] <0.139.0> GET /poll/getUpdate/1367825917980000 [report] 200 356ms
2013-05-06 15:38:38.550 [info] <0.143.0> PUT /todos/index/todo-11 [report] 200 4ms
2013-05-06 15:38:38.761 [info] <0.151.0> Loading routes from "/home/jackie/my/report/priv/report.routes" ....
2013-05-06 15:38:40.502 [info] <0.151.0> Loading routes from "/home/jackie/my/report/priv/report.routes" ....
2013-05-06 15:38:40.508 [info] <0.139.0> GET /poll/getUpdate/1367825918548065 [report] 200 1746ms
2013-05-06 15:38:40.509 [info] <0.143.0> PUT /todos/index/todo-12 [report] 200 5ms
2013-05-06 15:38:40.708 [info] <0.151.0> Loading routes from "/home/jackie/my/report/priv/report.routes" ....
2013-05-06 15:38:41.153 [info] <0.151.0> Loading routes from "/home/jackie/my/report/priv/report.routes" ....
2013-05-06 15:38:41.158 [info] <0.139.0> GET /poll/getUpdate/1367825920507467 [report] 200 449ms
2013-05-06 15:38:41.159 [info] <0.143.0> PUT /todos/index/todo-13 [report] 200 5ms
2013-05-06 15:38:41.370 [info] <0.151.0> Loading routes from "/home/jackie/my/report/priv/report.routes" ....
2013-05-06 15:38:41.701 [info] <0.151.0> Loading routes from "/home/jackie/my/report/priv/report.routes" ....
2013-05-06 15:38:41.706 [info] <0.139.0> GET /poll/getUpdate/1367825921158129 [report] 200 336ms
2013-05-06 15:38:41.707 [info] <0.143.0> PUT /todos/index/todo-14 [report] 200 5ms
2013-05-06 15:38:41.907 [info] <0.151.0> Loading routes from "/home/jackie/my/report/priv/report.routes" ....
2013-05-06 15:38:42.837 [info] <0.151.0> Loading routes from "/home/jackie/my/report/priv/report.routes" ....
2013-05-06 15:38:42.843 [info] <0.139.0> GET /poll/getUpdate/1367825921706108 [report] 200 935ms
2013-05-06 15:38:42.844 [info] <0.143.0> PUT /todos/index/todo-15 [report] 200 6ms
2013-05-06 15:38:43.053 [info] <0.151.0> Loading routes from "/home/jackie/my/report/priv/report.routes" ....
2013-05-06 15:38:43.332 [info] <0.151.0> Loading routes from "/home/jackie/my/report/priv/report.routes" ....
2013-05-06 15:38:43.337 [info] <0.139.0> GET /poll/getUpdate/1367825922842941 [report] 200 283ms
2013-05-06 15:38:43.338 [info] <0.143.0> PUT /todos/index/todo-16 [report] 200 5ms
2013-05-06 15:38:43.537 [info] <0.151.0> Loading routes from "/home/jackie/my/report/priv/report.routes" ....
2013-05-06 15:38:44.677 [info] <0.151.0> Loading routes from "/home/jackie/my/report/priv/report.routes" ....
2013-05-06 15:38:44.682 [info] <0.139.0> GET /poll/getUpdate/1367825923337030 [report] 200 1144ms
2013-05-06 15:38:44.683 [info] <0.143.0> PUT /todos/index/todo-17 [report] 200 5ms
2013-05-06 15:38:44.892 [info] <0.151.0> Loading routes from "/home/jackie/my/report/priv/report.routes" ....
2013-05-06 15:38:45.314 [info] <0.151.0> Loading routes from "/home/jackie/my/report/priv/report.routes" ....
2013-05-06 15:38:45.320 [info] <0.139.0> GET /poll/getUpdate/1367825924681796 [report] 200 427ms
2013-05-06 15:38:45.320 [info] <0.143.0> PUT /todos/index/todo-18 [report] 200 5ms
2013-05-06 15:38:45.549 [info] <0.151.0> Loading routes from "/home/jackie/my/report/priv/report.routes" ....
2013-05-06 15:38:45.936 [info] <0.151.0> Loading routes from "/home/jackie/my/report/priv/report.routes" ....
2013-05-06 15:38:45.941 [info] <0.139.0> GET /poll/getUpdate/1367825925319441 [report] 200 391ms
2013-05-06 15:38:45.942 [info] <0.143.0> PUT /todos/index/todo-19 [report] 200 5ms
2013-05-06 15:38:46.145 [info] <0.151.0> Loading routes from "/home/jackie/my/report/priv/report.routes" ....
2013-05-06 15:38:47.186 [info] <0.151.0> Loading routes from "/home/jackie/my/report/priv/report.routes" ....
2013-05-06 15:38:47.191 [info] <0.139.0> GET /poll/getUpdate/1367825925940856 [report] 200 1045ms
2013-05-06 15:38:47.192 [info] <0.143.0> PUT /todos/index/todo-20 [report] 200 5ms
2013-05-06 15:38:47.401 [info] <0.151.0> Loading routes from "/home/jackie/my/report/priv/report.routes" ....
2013-05-06 15:38:49.296 [info] <0.151.0> Loading routes from "/home/jackie/my/report/priv/report.routes" ....
2013-05-06 15:38:49.302 [info] <0.139.0> GET /poll/getUpdate/1367825927190727 [report] 200 1900ms
2013-05-06 15:38:49.302 [info] <0.143.0> PUT /todos/index/todo-21 [report] 200 5ms
2013-05-06 15:38:49.512 [info] <0.151.0> Loading routes from "/home/jackie/my/report/priv/report.routes" ....
2013-05-06 15:38:50.030 [info] <0.151.0> Loading routes from "/home/jackie/my/report/priv/report.routes" ....
2013-05-06 15:38:50.036 [info] <0.139.0> GET /poll/getUpdate/1367825929301405 [report] 200 523ms
2013-05-06 15:38:50.036 [info] <0.143.0> PUT /todos/index/todo-22 [report] 200 5ms
2013-05-06 15:38:50.238 [info] <0.151.0> Loading routes from "/home/jackie/my/report/priv/report.routes" ....
2013-05-06 15:38:50.706 [info] <0.151.0> Loading routes from "/home/jackie/my/report/priv/report.routes" ....
2013-05-06 15:38:50.711 [info] <0.139.0> GET /poll/getUpdate/1367825930035368 [report] 200 473ms
2013-05-06 15:38:50.712 [info] <0.143.0> PUT /todos/index/todo-23 [report] 200 5ms
2013-05-06 15:38:50.923 [info] <0.151.0> Loading routes from "/home/jackie/my/report/priv/report.routes" ....
2013-05-06 15:38:54.207 [info] <0.151.0> Loading routes from "/home/jackie/my/report/priv/report.routes" ....
2013-05-06 15:38:54.213 [info] <0.139.0> GET /poll/getUpdate/1367825930711288 [report] 200 3289ms
2013-05-06 15:38:54.214 [info] <0.143.0> PUT /todos/index/todo-23 [report] 200 5ms
2013-05-06 15:38:54.424 [info] <0.151.0> Loading routes from "/home/jackie/my/report/priv/report.routes" ....
2013-05-06 15:38:55.200 [info] <0.151.0> Loading routes from "/home/jackie/my/report/priv/report.routes" ....
2013-05-06 15:38:55.201 [info] <0.151.0> Loading routes from "/home/jackie/my/report/priv/report.routes" ....
2013-05-06 15:38:55.203 [info] <0.151.0> Loading routes from "/home/jackie/my/report/priv/report.routes" ....
2013-05-06 15:38:55.204 [info] <0.151.0> Loading routes from "/home/jackie/my/report/priv/report.routes" ....
2013-05-06 15:38:55.205 [info] <0.151.0> Loading routes from "/home/jackie/my/report/priv/report.routes" ....
2013-05-06 15:38:55.211 [info] <0.143.0> DELETE /todos/index/todo-9 [report] 200 11ms
2013-05-06 15:38:55.212 [info] <0.193.0> DELETE /todos/index/todo-10 [report] 200 11ms
2013-05-06 15:38:55.213 [info] <0.136.0> DELETE /todos/index/todo-12 [report] 200 9ms
2013-05-06 15:38:55.214 [info] <0.194.0> DELETE /todos/index/todo-11 [report] 200 11ms
2013-05-06 15:38:55.215 [info] <0.144.0> DELETE /todos/index/todo-13 [report] 200 10ms
2013-05-06 15:38:55.415 [info] <0.151.0> Loading routes from "/home/jackie/my/report/priv/report.routes" ....
2013-05-06 15:38:55.417 [info] <0.151.0> Loading routes from "/home/jackie/my/report/priv/report.routes" ....
2013-05-06 15:38:55.418 [info] <0.151.0> Loading routes from "/home/jackie/my/report/priv/report.routes" ....
2013-05-06 15:38:55.419 [info] <0.151.0> Loading routes from "/home/jackie/my/report/priv/report.routes" ....
2013-05-06 15:38:55.419 [info] <0.151.0> Loading routes from "/home/jackie/my/report/priv/report.routes" ....
2013-05-06 15:38:55.422 [info] <0.194.0> DELETE /todos/index/todo-14 [report] 200 6ms
2013-05-06 15:38:55.426 [info] <0.136.0> DELETE /todos/index/todo-17 [report] 200 8ms
2013-05-06 15:38:55.427 [info] <0.143.0> DELETE /todos/index/todo-16 [report] 200 10ms
2013-05-06 15:38:55.430 [info] <0.193.0> DELETE /todos/index/todo-18 [report] 200 10ms
2013-05-06 15:38:55.430 [info] <0.144.0> DELETE /todos/index/todo-15 [report] 200 12ms
2013-05-06 15:38:55.624 [info] <0.151.0> Loading routes from "/home/jackie/my/report/priv/report.routes" ....
2013-05-06 15:38:55.625 [info] <0.151.0> Loading routes from "/home/jackie/my/report/priv/report.routes" ....
2013-05-06 15:38:55.627 [info] <0.151.0> Loading routes from "/home/jackie/my/report/priv/report.routes" ....
2013-05-06 15:38:55.631 [info] <0.194.0> DELETE /todos/index/todo-19 [report] 200 7ms
2013-05-06 15:38:55.632 [info] <0.143.0> DELETE /todos/index/todo-20 [report] 200 7ms
2013-05-06 15:38:55.634 [info] <0.136.0> DELETE /todos/index/todo-21 [report] 200 6ms
2013-05-06 15:38:55.641 [info] <0.151.0> Loading routes from "/home/jackie/my/report/priv/report.routes" ....
2013-05-06 15:38:55.645 [info] <0.193.0> DELETE /todos/index/todo-22 [report] 200 4ms
2013-05-06 15:47:42.649 [info] <0.151.0> Loading routes from "/home/jackie/my/report/priv/report.routes" ....
2013-05-06 15:47:42.654 [info] <0.177.0> POST /todos [report] 200 5ms
2013-05-06 16:59:05.821 [info] <0.151.0> Loading routes from "/home/jackie/my/report/priv/report.routes" ....
2013-05-06 16:59:05.827 [info] <0.145.0> POST /todos [report] 200 5ms
2013-05-06 17:00:06.343 [info] <0.151.0> Loading routes from "/home/jackie/my/report/priv/report.routes" ....
2013-05-06 17:00:06.348 [info] <0.145.0> POST /todos [report] 200 4ms
2013-05-06 17:01:34.208 [info] <0.151.0> Loading routes from "/home/jackie/my/report/priv/report.routes" ....
2013-05-06 17:01:34.213 [info] <0.145.0> PUT /todos/index/todo-48 [report] 200 4ms
2013-05-06 17:02:17.836 [info] <0.151.0> Loading routes from "/home/jackie/my/report/priv/report.routes" ....
2013-05-06 17:02:17.842 [info] <0.145.0> PUT /todos/index/todo-48 [report] 200 4ms
2013-05-06 17:13:43.587 [info] <0.151.0> Loading routes from "/home/jackie/my/report/priv/report.routes" ....
2013-05-06 17:13:43.593 [info] <0.183.0> PUT /todos/index/todo-23 [report] 200 5ms
2013-05-06 17:13:44.783 [info] <0.151.0> Loading routes from "/home/jackie/my/report/priv/report.routes" ....
2013-05-06 17:13:44.788 [info] <0.183.0> PUT /todos/index/todo-46 [report] 200 4ms
2013-05-06 17:13:45.671 [info] <0.151.0> Loading routes from "/home/jackie/my/report/priv/report.routes" ....
2013-05-06 17:13:45.676 [info] <0.183.0> PUT /todos/index/todo-47 [report] 200 4ms
2013-05-06 17:13:46.569 [info] <0.151.0> Loading routes from "/home/jackie/my/report/priv/report.routes" ....
2013-05-06 17:13:46.574 [info] <0.183.0> PUT /todos/index/todo-48 [report] 200 4ms
2013-05-06 17:14:42.961 [info] <0.151.0> Loading routes from "/home/jackie/my/report/priv/report.routes" ....
2013-05-06 17:14:42.966 [info] <0.183.0> DELETE /todos/index/todo-23 [report] 200 4ms
2013-05-06 17:14:43.736 [info] <0.151.0> Loading routes from "/home/jackie/my/report/priv/report.routes" ....
2013-05-06 17:14:43.741 [info] <0.183.0> DELETE /todos/index/todo-46 [report] 200 4ms
2013-05-06 17:14:44.411 [info] <0.151.0> Loading routes from "/home/jackie/my/report/priv/report.routes" ....
2013-05-06 17:14:44.416 [info] <0.183.0> DELETE /todos/index/todo-47 [report] 200 4ms
2013-05-06 17:14:45.056 [info] <0.151.0> Loading routes from "/home/jackie/my/report/priv/report.routes" ....
2013-05-06 17:14:45.061 [info] <0.183.0> DELETE /todos/index/todo-48 [report] 200 4ms
2013-05-06 17:16:57.983 [info] <0.151.0> Loading routes from "/home/jackie/my/report/priv/report.routes" ....
2013-05-06 17:16:57.988 [info] <0.183.0> POST /todos [report] 200 4ms
2013-05-06 17:18:04.308 [info] <0.151.0> Loading routes from "/home/jackie/my/report/priv/report.routes" ....
2013-05-06 17:18:04.313 [info] <0.183.0> POST /todos [report] 200 4ms
2013-05-06 17:18:22.643 [info] <0.151.0> Loading routes from "/home/jackie/my/report/priv/report.routes" ....
2013-05-06 17:18:22.648 [info] <0.183.0> PUT /todos/index/todo-56 [report] 200 4ms
2013-05-06 17:18:48.012 [info] <0.151.0> Loading routes from "/home/jackie/my/report/priv/report.routes" ....
2013-05-06 17:18:48.018 [info] <0.183.0> POST /todos [report] 200 4ms
2013-05-06 17:18:56.698 [info] <0.151.0> Loading routes from "/home/jackie/my/report/priv/report.routes" ....
2013-05-06 17:18:56.720 [info] <0.183.0> POST /todos [report] 200 21ms
2013-05-06 17:19:05.868 [info] <0.151.0> Loading routes from "/home/jackie/my/report/priv/report.routes" ....
2013-05-06 17:19:05.874 [info] <0.183.0> POST /todos [report] 200 5ms
2013-05-06 17:19:20.743 [info] <0.151.0> Loading routes from "/home/jackie/my/report/priv/report.routes" ....
2013-05-06 17:19:20.748 [info] <0.183.0> POST /todos [report] 200 4ms
2013-05-06 17:20:16.959 [info] <0.151.0> Loading routes from "/home/jackie/my/report/priv/report.routes" ....
2013-05-06 17:20:16.964 [info] <0.183.0> POST /todos [report] 200 4ms
2013-05-06 17:21:03.479 [info] <0.151.0> Loading routes from "/home/jackie/my/report/priv/report.routes" ....
2013-05-06 17:21:03.484 [info] <0.183.0> POST /todos [report] 200 4ms
2013-05-06 17:21:20.424 [info] <0.151.0> Loading routes from "/home/jackie/my/report/priv/report.routes" ....
2013-05-06 17:21:20.430 [info] <0.183.0> POST /todos [report] 200 5ms
2013-05-06 17:21:29.711 [info] <0.151.0> Loading routes from "/home/jackie/my/report/priv/report.routes" ....
2013-05-06 17:21:29.717 [info] <0.183.0> POST /todos [report] 200 5ms
2013-05-06 17:21:39.675 [info] <0.151.0> Loading routes from "/home/jackie/my/report/priv/report.routes" ....
2013-05-06 17:21:39.681 [info] <0.183.0> POST /todos [report] 200 5ms
2013-05-06 17:24:03.957 [info] <0.151.0> Loading routes from "/home/jackie/my/report/priv/report.routes" ....
2013-05-06 17:24:04.016 [info] <0.183.0> GET / [report] 200 58ms
2013-05-06 17:24:05.204 [info] <0.151.0> Loading routes from "/home/jackie/my/report/priv/report.routes" ....
2013-05-06 17:24:05.209 [info] <0.176.0> GET /todos/index [report] 200 4ms
2013-05-06 17:24:05.213 [info] <0.151.0> Loading routes from "/home/jackie/my/report/priv/report.routes" ....
2013-05-06 17:24:05.256 [info] <0.151.0> Loading routes from "/home/jackie/my/report/priv/report.routes" ....
2013-05-06 17:24:05.273 [info] <0.176.0> GET / [report] 200 17ms
2013-05-06 17:32:20.904 [info] <0.151.0> Loading routes from "/home/jackie/my/report/priv/report.routes" ....
2013-05-06 17:32:20.910 [info] <0.134.0> POST /todos [report] 200 5ms
2013-05-06 17:32:40.369 [info] <0.151.0> Loading routes from "/home/jackie/my/report/priv/report.routes" ....
2013-05-06 17:32:40.375 [info] <0.134.0> POST /todos [report] 200 5ms
2013-05-06 17:32:43.725 [info] <0.151.0> Loading routes from "/home/jackie/my/report/priv/report.routes" ....
2013-05-06 17:32:43.740 [info] <0.134.0> GET / [report] 200 14ms
2013-05-06 17:32:55.255 [info] <0.151.0> Loading routes from "/home/jackie/my/report/priv/report.routes" ....
2013-05-06 17:32:55.257 [info] <0.151.0> Loading routes from "/home/jackie/my/report/priv/report.routes" ....
2013-05-06 17:32:55.265 [info] <0.349.0> GET /todos/index [report] 200 9ms
2013-05-06 17:32:55.439 [info] <0.151.0> Loading routes from "/home/jackie/my/report/priv/report.routes" ....
2013-05-06 17:32:55.449 [info] <0.349.0> GET / [report] 200 12ms
2013-05-06 17:33:06.006 [info] <0.151.0> Loading routes from "/home/jackie/my/report/priv/report.routes" ....
2013-05-06 17:33:06.019 [info] <0.349.0> GET / [report] 200 12ms
2013-05-06 17:33:06.174 [info] <0.151.0> Loading routes from "/home/jackie/my/report/priv/report.routes" ....
2013-05-06 17:33:06.178 [info] <0.260.0> GET /todos/index [report] 200 4ms
2013-05-06 17:33:06.184 [info] <0.151.0> Loading routes from "/home/jackie/my/report/priv/report.routes" ....
2013-05-06 17:33:06.252 [info] <0.151.0> Loading routes from "/home/jackie/my/report/priv/report.routes" ....
2013-05-06 17:33:06.267 [info] <0.260.0> GET / [report] 200 14ms
2013-05-06 17:56:58.193 [info] <0.151.0> Loading routes from "/home/jackie/my/report/priv/report.routes" ....
2013-05-06 17:56:58.199 [info] <0.135.0> PUT /todos/index/todo-67 [report] 200 5ms
2013-05-06 17:56:58.858 [info] <0.151.0> Loading routes from "/home/jackie/my/report/priv/report.routes" ....
2013-05-06 17:56:58.864 [info] <0.135.0> PUT /todos/index/todo-68 [report] 200 4ms
2013-05-06 17:57:02.020 [info] <0.151.0> Loading routes from "/home/jackie/my/report/priv/report.routes" ....
2013-05-06 17:57:02.025 [info] <0.135.0> DELETE /todos/index/todo-68 [report] 200 4ms
2013-05-06 17:57:03.052 [info] <0.151.0> Loading routes from "/home/jackie/my/report/priv/report.routes" ....
2013-05-06 17:57:03.056 [info] <0.135.0> DELETE /todos/index/todo-67 [report] 200 4ms
2013-05-23 10:18:26.729 [info] <0.6.0> Application lager started on node 'report@NDC-DEV-01'
2013-05-23 10:18:26.749 [info] <0.66.0> Starting Boss in development mode....

2013-05-23 10:18:26.811 [info] <0.66.0> Starting master services on 'report@NDC-DEV-01'

2013-05-23 10:18:26.830 [info] <0.6.0> Application tinymq started on node 'report@NDC-DEV-01'
2013-05-23 10:18:26.854 [info] <0.66.0> SSL:[]

2013-05-23 10:18:26.865 [info] <0.6.0> Application boss started on node 'report@NDC-DEV-01'
2013-05-23 10:18:26.866 [info] <0.6.0> Application report started on node 'report@NDC-DEV-01'
2013-05-23 10:18:26.883 [info] <0.151.0> Loading routes from "/home/jackie/my/report/priv/report.routes" ....
2013-05-23 10:18:44.156 [info] <0.151.0> Loading routes from "/home/jackie/my/report/priv/report.routes" ....
2013-05-23 10:18:44.187 [info] <0.133.0> GET / [report] 200 30ms
2013-05-23 10:19:05.471 [info] <0.151.0> Loading routes from "/home/jackie/my/report/priv/report.routes" ....
2013-05-23 10:19:05.473 [info] <0.151.0> Loading routes from "/home/jackie/my/report/priv/report.routes" ....
2013-05-23 10:19:05.485 [info] <0.135.0> GET /todos/index [report] 200 14ms
2013-05-23 10:19:05.514 [info] <0.151.0> Loading routes from "/home/jackie/my/report/priv/report.routes" ....
2013-05-23 10:19:05.525 [info] <0.135.0> GET / [report] 200 12ms
2013-05-23 10:19:46.009 [info] <0.151.0> Loading routes from "/home/jackie/my/report/priv/report.routes" ....
2013-05-23 10:19:46.063 [info] <0.134.0> GET /poll/getUpdate/1369275524167638 [report] 200 40589ms
2013-05-23 10:19:46.063 [info] <0.135.0> POST /todos [report] 200 53ms
2013-05-23 10:19:46.279 [info] <0.151.0> Loading routes from "/home/jackie/my/report/priv/report.routes" ....
2013-05-23 10:20:41.836 [info] <0.151.0> Loading routes from "/home/jackie/my/report/priv/report.routes" ....
2013-05-23 10:20:41.850 [info] <0.135.0> GET / [report] 200 14ms
2013-05-23 10:20:52.762 [info] <0.151.0> Loading routes from "/home/jackie/my/report/priv/report.routes" ....
2013-05-23 10:20:52.766 [info] <0.159.0> GET /todos/index [report] 200 4ms
2013-05-23 10:20:52.767 [info] <0.151.0> Loading routes from "/home/jackie/my/report/priv/report.routes" ....
2013-05-23 10:20:52.813 [info] <0.151.0> Loading routes from "/home/jackie/my/report/priv/report.routes" ....
2013-05-23 10:20:52.827 [info] <0.135.0> GET / [report] 200 13ms
2013-05-23 10:23:56.510 [info] <0.151.0> Loading routes from "/home/jackie/my/report/priv/report.routes" ....
2013-05-23 10:23:56.516 [info] <0.159.0> POST /todos [report] 200 5ms
2013-05-23 10:28:22.501 [info] <0.6.0> Application lager started on node 'report@NDC-DEV-01'
2013-05-23 10:28:22.517 [info] <0.66.0> Starting Boss in development mode....

2013-05-23 10:28:22.556 [info] <0.66.0> Starting master services on 'report@NDC-DEV-01'

2013-05-23 10:28:22.566 [info] <0.6.0> Application tinymq started on node 'report@NDC-DEV-01'
2013-05-23 10:28:22.587 [info] <0.66.0> SSL:[]

2013-05-23 10:28:22.595 [info] <0.6.0> Application boss started on node 'report@NDC-DEV-01'
2013-05-23 10:28:22.595 [info] <0.6.0> Application report started on node 'report@NDC-DEV-01'
2013-05-23 10:28:22.611 [info] <0.151.0> Loading routes from "/home/jackie/my/report/priv/report.routes" ....
2013-05-23 10:28:27.200 [info] <0.151.0> Loading routes from "/home/jackie/my/report/priv/report.routes" ....
2013-05-23 10:28:27.225 [info] <0.133.0> GET / [report] 200 24ms
2013-05-23 10:28:28.067 [info] <0.151.0> Loading routes from "/home/jackie/my/report/priv/report.routes" ....
2013-05-23 10:28:28.069 [info] <0.151.0> Loading routes from "/home/jackie/my/report/priv/report.routes" ....
2013-05-23 10:28:28.074 [info] <0.135.0> GET /todos/index [report] 200 8ms
2013-05-23 10:28:28.113 [info] <0.151.0> Loading routes from "/home/jackie/my/report/priv/report.routes" ....
2013-05-23 10:28:28.126 [info] <0.135.0> GET / [report] 200 12ms
2013-05-23 10:28:30.632 [info] <0.151.0> Loading routes from "/home/jackie/my/report/priv/report.routes" ....
2013-05-23 10:28:30.645 [info] <0.135.0> GET / [report] 200 13ms
2013-05-23 10:28:31.095 [info] <0.151.0> Loading routes from "/home/jackie/my/report/priv/report.routes" ....
2013-05-23 10:28:31.097 [info] <0.151.0> Loading routes from "/home/jackie/my/report/priv/report.routes" ....
2013-05-23 10:28:31.100 [info] <0.136.0> GET /todos/index [report] 200 6ms
2013-05-23 10:28:31.143 [info] <0.151.0> Loading routes from "/home/jackie/my/report/priv/report.routes" ....
2013-05-23 10:28:31.157 [info] <0.136.0> GET / [report] 200 14ms
2013-05-23 10:41:14.539 [info] <0.6.0> Application lager started on node 'report@NDC-DEV-01'
2013-05-23 10:41:14.555 [info] <0.66.0> Starting Boss in development mode....

2013-05-23 10:41:14.586 [info] <0.6.0> Application mongodb started on node 'report@NDC-DEV-01'
2013-05-23 10:41:14.646 [info] <0.66.0> Starting master services on 'report@NDC-DEV-01'

2013-05-23 10:41:14.657 [info] <0.6.0> Application tinymq started on node 'report@NDC-DEV-01'
2013-05-23 10:41:14.674 [info] <0.66.0> SSL:[]

2013-05-23 10:41:14.683 [info] <0.6.0> Application boss started on node 'report@NDC-DEV-01'
2013-05-23 10:41:14.683 [info] <0.6.0> Application report started on node 'report@NDC-DEV-01'
2013-05-23 10:41:14.700 [info] <0.158.0> Loading routes from "/home/jackie/my/report/priv/report.routes" ....
2013-05-23 10:41:28.357 [info] <0.158.0> Loading routes from "/home/jackie/my/report/priv/report.routes" ....
2013-05-23 10:41:28.384 [info] <0.147.0> GET / [report] 200 26ms
2013-05-23 10:41:29.238 [info] <0.158.0> Loading routes from "/home/jackie/my/report/priv/report.routes" ....
2013-05-23 10:41:29.241 [info] <0.158.0> Loading routes from "/home/jackie/my/report/priv/report.routes" ....
2013-05-23 10:41:29.310 [info] <0.158.0> Loading routes from "/home/jackie/my/report/priv/report.routes" ....
2013-05-23 10:41:29.313 [info] <0.146.0> GET /todos/index [report] 200 74ms
2013-05-23 10:41:29.325 [info] <0.147.0> GET / [report] 200 14ms
2013-05-23 10:41:33.613 [info] <0.158.0> Loading routes from "/home/jackie/my/report/priv/report.routes" ....
2013-05-23 10:41:33.631 [info] <0.147.0> POST /todos [report] 200 16ms
2013-05-23 10:41:33.631 [info] <0.148.0> GET /poll/getUpdate/1369276888367802 [report] 200 4388ms
2013-05-23 10:41:33.833 [info] <0.158.0> Loading routes from "/home/jackie/my/report/priv/report.routes" ....
2013-05-23 10:42:01.629 [info] <0.6.0> Application lager started on node 'report@NDC-DEV-01'
2013-05-23 10:42:01.645 [info] <0.66.0> Starting Boss in development mode....

2013-05-23 10:42:01.652 [info] <0.6.0> Application mongodb started on node 'report@NDC-DEV-01'
2013-05-23 10:42:01.691 [info] <0.66.0> Starting master services on 'report@NDC-DEV-01'

2013-05-23 10:42:01.701 [info] <0.6.0> Application tinymq started on node 'report@NDC-DEV-01'
2013-05-23 10:42:01.717 [info] <0.66.0> SSL:[]

2013-05-23 10:42:01.726 [info] <0.6.0> Application boss started on node 'report@NDC-DEV-01'
2013-05-23 10:42:01.726 [info] <0.6.0> Application report started on node 'report@NDC-DEV-01'
2013-05-23 10:42:01.738 [info] <0.158.0> Loading routes from "/home/jackie/my/report/priv/report.routes" ....
2013-05-23 10:42:03.632 [info] <0.158.0> Loading routes from "/home/jackie/my/report/priv/report.routes" ....
2013-05-23 10:42:03.657 [info] <0.140.0> GET / [report] 200 24ms
2013-05-23 10:42:04.331 [info] <0.158.0> Loading routes from "/home/jackie/my/report/priv/report.routes" ....
2013-05-23 10:42:04.333 [info] <0.158.0> Loading routes from "/home/jackie/my/report/priv/report.routes" ....
2013-05-23 10:42:04.366 [info] <0.142.0> GET /todos/index [report] 200 34ms
2013-05-23 10:42:04.388 [info] <0.158.0> Loading routes from "/home/jackie/my/report/priv/report.routes" ....
2013-05-23 10:42:04.401 [info] <0.140.0> GET / [report] 200 13ms
2013-05-23 10:42:06.029 [info] <0.158.0> Loading routes from "/home/jackie/my/report/priv/report.routes" ....
2013-05-23 10:42:06.039 [info] <0.142.0> GET / [report] 200 13ms
2013-05-23 10:42:06.466 [info] <0.158.0> Loading routes from "/home/jackie/my/report/priv/report.routes" ....
2013-05-23 10:42:06.466 [info] <0.158.0> Loading routes from "/home/jackie/my/report/priv/report.routes" ....
2013-05-23 10:42:06.468 [info] <0.143.0> GET /todos/index [report] 200 5ms
2013-05-23 10:42:06.511 [info] <0.158.0> Loading routes from "/home/jackie/my/report/priv/report.routes" ....
2013-05-23 10:42:06.525 [info] <0.142.0> GET / [report] 200 13ms
2013-05-23 10:42:12.269 [info] <0.158.0> Loading routes from "/home/jackie/my/report/priv/report.routes" ....
2013-05-23 10:42:12.369 [info] <0.142.0> DELETE /todos/index/todo-519d81dd265a062c3c000001 [report] 200 99ms
2013-05-23 10:42:25.265 [info] <0.158.0> Loading routes from "/home/jackie/my/report/priv/report.routes" ....
2013-05-23 10:42:25.272 [info] <0.142.0> POST /todos [report] 200 7ms
2013-05-23 10:42:25.273 [info] <0.141.0> GET /poll/getUpdate/1369276923641330 [report] 200 20939ms
2013-05-23 10:42:25.273 [info] <0.140.0> GET /poll/getUpdate/1369276926030172 [report] 200 18806ms
2013-05-23 10:42:25.484 [info] <0.158.0> Loading routes from "/home/jackie/my/report/priv/report.routes" ....
2013-05-23 10:42:30.036 [info] <0.158.0> Loading routes from "/home/jackie/my/report/priv/report.routes" ....
2013-05-23 10:42:30.044 [info] <0.142.0> POST /todos [report] 200 5ms
2013-05-23 10:42:30.044 [info] <0.140.0> GET /poll/getUpdate/1369276945272105 [report] 200 4557ms
2013-05-23 10:42:30.256 [info] <0.158.0> Loading routes from "/home/jackie/my/report/priv/report.routes" ....
2013-05-23 10:42:38.718 [info] <0.158.0> Loading routes from "/home/jackie/my/report/priv/report.routes" ....
2013-05-23 10:42:38.733 [info] <0.140.0> GET /poll/getUpdate/1369276950042391 [report] 200 8476ms
2013-05-23 10:42:38.734 [info] <0.142.0> PUT /todos/index/todo-519d8216265a062c68000002 [report] 200 15ms
2013-05-23 10:42:38.947 [info] <0.158.0> Loading routes from "/home/jackie/my/report/priv/report.routes" ....
2013-05-23 10:42:48.654 [info] <0.158.0> Loading routes from "/home/jackie/my/report/priv/report.routes" ....
2013-05-23 10:42:48.669 [info] <0.142.0> GET / [report] 200 14ms
2013-05-23 10:42:49.377 [info] <0.158.0> Loading routes from "/home/jackie/my/report/priv/report.routes" ....
2013-05-23 10:42:49.382 [info] <0.168.0> GET /todos/index [report] 200 5ms
2013-05-23 10:42:49.399 [info] <0.158.0> Loading routes from "/home/jackie/my/report/priv/report.routes" ....
2013-05-23 10:42:49.432 [info] <0.158.0> Loading routes from "/home/jackie/my/report/priv/report.routes" ....
2013-05-23 10:42:49.443 [info] <0.142.0> GET / [report] 200 14ms
2013-05-23 11:11:46.275 [info] <0.158.0> Loading routes from "/home/jackie/my/report/priv/report.routes" ....
2013-05-23 11:11:46.282 [info] <0.170.0> PUT /todos/index/todo-519d8216265a062c68000002 [report] 200 9ms
2013-05-23 11:12:30.661 [info] <0.158.0> Loading routes from "/home/jackie/my/report/priv/report.routes" ....
2013-05-23 11:12:30.667 [info] <0.170.0> POST /todos [report] 200 5ms
2013-05-23 13:05:50.123 [info] <0.158.0> Loading routes from "/home/jackie/my/report/priv/report.routes" ....
2013-05-23 13:05:50.139 [info] <0.206.0> GET / [report] 200 14ms
2013-05-23 13:05:51.170 [info] <0.158.0> Loading routes from "/home/jackie/my/report/priv/report.routes" ....
2013-05-23 13:05:51.172 [info] <0.158.0> Loading routes from "/home/jackie/my/report/priv/report.routes" ....
2013-05-23 13:05:51.178 [info] <0.155.0> GET /todos/index [report] 200 7ms
2013-05-23 13:05:51.330 [info] <0.158.0> Loading routes from "/home/jackie/my/report/priv/report.routes" ....
2013-05-23 13:05:51.343 [info] <0.206.0> GET / [report] 200 13ms
2013-05-23 14:35:07.491 [info] <0.158.0> Loading routes from "/home/jackie/my/report/priv/report.routes" ....
2013-05-23 14:35:07.494 [info] <0.152.0> POST /todos [report] 200 5ms
2013-05-23 14:35:15.319 [info] <0.158.0> Loading routes from "/home/jackie/my/report/priv/report.routes" ....
2013-05-23 14:35:15.325 [info] <0.152.0> PUT /todos/index/todo-519d891e265a062c68000003 [report] 200 6ms
2013-05-23 14:35:17.325 [info] <0.158.0> Loading routes from "/home/jackie/my/report/priv/report.routes" ....
2013-05-23 14:35:17.331 [info] <0.152.0> PUT /todos/index/todo-519d891e265a062c68000003 [report] 200 6ms
2013-05-23 14:35:31.928 [info] <0.158.0> Loading routes from "/home/jackie/my/report/priv/report.routes" ....
2013-05-23 14:35:31.933 [info] <0.152.0> PUT /todos/index/todo-519db89b265a062c68000004 [report] 200 6ms
2013-05-23 16:00:34.033 [info] <0.158.0> Loading routes from "/home/jackie/my/report/priv/report.routes" ....
2013-05-23 16:00:34.040 [info] <0.154.0> PUT /todos/index/todo-519db89b265a062c68000004 [report] 200 6ms
2013-05-23 16:00:34.455 [info] <0.158.0> Loading routes from "/home/jackie/my/report/priv/report.routes" ....
2013-05-23 16:00:34.460 [info] <0.154.0> PUT /todos/index/todo-519db89b265a062c68000004 [report] 200 6ms
2013-05-23 16:00:36.030 [info] <0.158.0> Loading routes from "/home/jackie/my/report/priv/report.routes" ....
2013-05-23 16:00:36.035 [info] <0.154.0> PUT /todos/index/todo-519db89b265a062c68000004 [report] 200 6ms
2013-05-23 16:14:58.001 [info] <0.158.0> Loading routes from "/home/jackie/my/report/priv/report.routes" ....
2013-05-23 16:14:58.002 [info] <0.184.0> POST /todos [report] 200 5ms
2013-05-23 16:45:20.801 [info] <0.158.0> Loading routes from "/home/jackie/my/report/priv/report.routes" ....
2013-05-23 16:45:20.809 [info] <0.227.0> PUT /todos/index/todo-519d891e265a062c68000003 [report] 200 7ms
2013-05-23 16:58:16.180 [info] <0.158.0> Loading routes from "/home/jackie/my/report/priv/report.routes" ....
2013-05-23 16:58:16.182 [info] <0.254.0> POST /todos [report] 200 6ms
